Using pre-set license
Built from '2022.3/staging' branch; Version is '2022.3.11f1 (d00248457e15) revision 13632072'; Using compiler version '192829333'; Build Type 'Release'
OS: 'Windows 11  (10.0.22621) 64bit Core' Language: 'en' Physical Memory: 32679 MB
BatchMode: 1, IsHumanControllingUs: 0, StartBugReporterOnCrash: 0, Is64bit: 1, IsPro: 1

COMMAND LINE ARGUMENTS:
C:\Program Files\Unity\Hub\Editor\2022.3.11f1\Editor\Unity.exe
-adb2
-batchMode
-noUpm
-name
AssetImportWorker4
-projectPath
C:/Users/willy/Map Tester/GrapGunSim
-logFile
Logs/AssetImportWorker4.log
-srvPort
64945
Successfully changed project path to: C:/Users/willy/Map Tester/GrapGunSim
C:/Users/willy/Map Tester/GrapGunSim
[UnityMemory] Configuration Parameters - Can be set up in boot.config
    "memorysetup-bucket-allocator-granularity=16"
    "memorysetup-bucket-allocator-bucket-count=8"
    "memorysetup-bucket-allocator-block-size=33554432"
    "memorysetup-bucket-allocator-block-count=8"
    "memorysetup-main-allocator-block-size=16777216"
    "memorysetup-thread-allocator-block-size=16777216"
    "memorysetup-gfx-main-allocator-block-size=16777216"
    "memorysetup-gfx-thread-allocator-block-size=16777216"
    "memorysetup-cache-allocator-block-size=4194304"
    "memorysetup-typetree-allocator-block-size=2097152"
    "memorysetup-profiler-bucket-allocator-granularity=16"
    "memorysetup-profiler-bucket-allocator-bucket-count=8"
    "memorysetup-profiler-bucket-allocator-block-size=33554432"
    "memorysetup-profiler-bucket-allocator-block-count=8"
    "memorysetup-profiler-allocator-block-size=16777216"
    "memorysetup-profiler-editor-allocator-block-size=1048576"
    "memorysetup-temp-allocator-size-main=16777216"
    "memorysetup-job-temp-allocator-block-size=2097152"
    "memorysetup-job-temp-allocator-block-size-background=1048576"
    "memorysetup-job-temp-allocator-reduction-small-platforms=262144"
    "memorysetup-allocator-temp-initial-block-size-main=262144"
    "memorysetup-allocator-temp-initial-block-size-worker=262144"
    "memorysetup-temp-allocator-size-background-worker=32768"
    "memorysetup-temp-allocator-size-job-worker=262144"
    "memorysetup-temp-allocator-size-preload-manager=33554432"
    "memorysetup-temp-allocator-size-nav-mesh-worker=65536"
    "memorysetup-temp-allocator-size-audio-worker=65536"
    "memorysetup-temp-allocator-size-cloud-worker=32768"
    "memorysetup-temp-allocator-size-gi-baking-worker=262144"
    "memorysetup-temp-allocator-size-gfx=262144"
Player connection [6060] Host "[IP] 192.168.1.27 [Port] 0 [Flags] 2 [Guid] 3810063341 [EditorId] 3810063341 [Version] 1048832 [Id] WindowsEditor(7,DESKTOP-JPELJO2) [Debug] 1 [PackageName] WindowsEditor [ProjectName] Editor" joined multi-casting on [225.0.0.222:54997]...

Player connection [6060] Host "[IP] 192.168.1.27 [Port] 0 [Flags] 2 [Guid] 3810063341 [EditorId] 3810063341 [Version] 1048832 [Id] WindowsEditor(7,DESKTOP-JPELJO2) [Debug] 1 [PackageName] WindowsEditor [ProjectName] Editor" joined alternative multi-casting on [225.0.0.222:34997]...

[Physics::Module] Initialized MultithreadedJobDispatcher with 23 workers.
Refreshing native plugins compatible for Editor in 9.17 ms, found 3 plugins.
Preloading 0 native plugins for Editor in 0.00 ms.
Initialize engine version: 2022.3.11f1 (d00248457e15)
[Subsystems] Discovering subsystems at path C:/Program Files/Unity/Hub/Editor/2022.3.11f1/Editor/Data/Resources/UnitySubsystems
[Subsystems] Discovering subsystems at path C:/Users/willy/Map Tester/GrapGunSim/Assets
GfxDevice: creating device client; threaded=0; jobified=0
Direct3D:
    Version:  Direct3D 11.0 [level 11.1]
    Renderer: NVIDIA GeForce RTX 3070 (ID=0x2488)
    Vendor:   NVIDIA
    VRAM:     8043 MB
    Driver:   31.0.15.1694
Initialize mono
Mono path[0] = 'C:/Program Files/Unity/Hub/Editor/2022.3.11f1/Editor/Data/Managed'
Mono path[1] = 'C:/Program Files/Unity/Hub/Editor/2022.3.11f1/Editor/Data/MonoBleedingEdge/lib/mono/unityjit-win32'
Mono config path = 'C:/Program Files/Unity/Hub/Editor/2022.3.11f1/Editor/Data/MonoBleedingEdge/etc'
Using monoOptions --debugger-agent=transport=dt_socket,embedding=1,server=y,suspend=n,address=127.0.0.1:56048
Begin MonoManager ReloadAssembly
Registering precompiled unity dll's ...
Register platform support module: C:/Program Files/Unity/Hub/Editor/2022.3.11f1/Editor/Data/PlaybackEngines/WindowsStandaloneSupport/UnityEditor.WindowsStandalone.Extensions.dll
Registered in 0.006204 seconds.
- Loaded All Assemblies, in  0.249 seconds
Native extension for WindowsStandalone target not found
Mono: successfully reloaded assembly
- Finished resetting the current domain, in  0.180 seconds
Domain Reload Profiling: 428ms
	BeginReloadAssembly (79ms)
		ExecutionOrderSort (0ms)
		DisableScriptedObjects (0ms)
		BackupInstance (0ms)
		ReleaseScriptingObjects (0ms)
		CreateAndSetChildDomain (1ms)
	RebuildCommonClasses (24ms)
	RebuildNativeTypeToScriptingClass (7ms)
	initialDomainReloadingComplete (43ms)
	LoadAllAssembliesAndSetupDomain (94ms)
		LoadAssemblies (77ms)
		RebuildTransferFunctionScriptingTraits (0ms)
		AnalyzeDomain (93ms)
			TypeCache.Refresh (92ms)
				TypeCache.ScanAssembly (82ms)
			ScanForSourceGeneratedMonoScriptInfo (0ms)
			ResolveRequiredComponents (0ms)
	FinalizeReload (181ms)
		ReleaseScriptCaches (0ms)
		RebuildScriptCaches (0ms)
		SetupLoadedEditorAssemblies (140ms)
			LogAssemblyErrors (0ms)
			InitializePlatformSupportModulesInManaged (7ms)
			SetLoadedEditorAssemblies (5ms)
			RefreshPlugins (0ms)
			BeforeProcessingInitializeOnLoad (2ms)
			ProcessInitializeOnLoadAttributes (92ms)
			ProcessInitializeOnLoadMethodAttributes (34ms)
			AfterProcessingInitializeOnLoad (0ms)
			EditorAssembliesLoaded (0ms)
		ExecutionOrderSort2 (0ms)
		AwakeInstancesAfterBackupRestoration (0ms)
========================================================================
Worker process is ready to serve import requests
Begin MonoManager ReloadAssembly
- Loaded All Assemblies, in  0.474 seconds
Refreshing native plugins compatible for Editor in 3.30 ms, found 3 plugins.
Native extension for WindowsStandalone target not found
Package Manager log level set to [2]
[Package Manager] Server::EnsureServerProcessIsRunning -- launch failed, reason: Unity was launched with the -noUpm command-line argument
[Package Manager] UpmClient::Send -- Unable to send message (not connected to UPM process).
[Package Manager] Cannot connect to Unity Package Manager local server
Mono: successfully reloaded assembly
- Finished resetting the current domain, in  0.410 seconds
Domain Reload Profiling: 882ms
	BeginReloadAssembly (114ms)
		ExecutionOrderSort (0ms)
		DisableScriptedObjects (4ms)
		BackupInstance (0ms)
		ReleaseScriptingObjects (0ms)
		CreateAndSetChildDomain (17ms)
	RebuildCommonClasses (25ms)
	RebuildNativeTypeToScriptingClass (8ms)
	initialDomainReloadingComplete (33ms)
	LoadAllAssembliesAndSetupDomain (292ms)
		LoadAssemblies (234ms)
		RebuildTransferFunctionScriptingTraits (0ms)
		AnalyzeDomain (124ms)
			TypeCache.Refresh (107ms)
				TypeCache.ScanAssembly (95ms)
			ScanForSourceGeneratedMonoScriptInfo (12ms)
			ResolveRequiredComponents (4ms)
	FinalizeReload (410ms)
		ReleaseScriptCaches (0ms)
		RebuildScriptCaches (0ms)
		SetupLoadedEditorAssemblies (304ms)
			LogAssemblyErrors (0ms)
			InitializePlatformSupportModulesInManaged (5ms)
			SetLoadedEditorAssemblies (2ms)
			RefreshPlugins (0ms)
			BeforeProcessingInitializeOnLoad (46ms)
			ProcessInitializeOnLoadAttributes (225ms)
			ProcessInitializeOnLoadMethodAttributes (20ms)
			AfterProcessingInitializeOnLoad (7ms)
			EditorAssembliesLoaded (0ms)
		ExecutionOrderSort2 (0ms)
		AwakeInstancesAfterBackupRestoration (7ms)
Launched and connected shader compiler UnityShaderCompiler.exe after 0.06 seconds
Refreshing native plugins compatible for Editor in 4.77 ms, found 3 plugins.
Preloading 0 native plugins for Editor in 0.00 ms.
Unloading 3288 Unused Serialized files (Serialized files now loaded: 0)
Unloading 35 unused Assets / (401.3 KB). Loaded Objects now: 3763.
Memory consumption went from 144.0 MB to 143.6 MB.
Total: 4.266900 ms (FindLiveObjects: 0.474000 ms CreateObjectMapping: 0.219500 ms MarkObjects: 3.325000 ms  DeleteObjects: 0.246900 ms)

AssetImportParameters requested are different than current active one (requested -> active):
  custom:container-demuxer-ogg: 62fdf1f143b41e24485cea50d1cbac27 -> 
  custom:video-decoder-ogg-theora: a1e56fd34408186e4bbccfd4996cb3dc -> 
  custom:framework-win-MediaFoundation: 216162199b28c13a410421893ffa2e32 -> 
  custom:CustomObjectIndexerAttribute: 756ad292c208cfabdd7b50bc23989ffe -> 
  custom:container-demuxer-webm: 4f35f7cbe854078d1ac9338744f61a02 -> 
  custom:container-muxer-webm: aa71ff27fc2769a1b78a27578f13a17b -> 
  custom:video-decoder-webm-vp8: 9c59270c3fd7afecdb556c50c9e8de78 -> 
  custom:SearchIndexIgnoredProperties: e643bd26f0fe6173181afceb89e7c659 -> 
  custom:AudioImporter_EditorPlatform: d09bf68614088b80899f8185d706f6e7 -> 
  custom:video-encoder-webm-vp8: eb34c28f22e8b96e1ab97ce403110664 -> 
  custom:audio-decoder-ogg-vorbis: bf7c407c2cedff20999df2af8eb42d56 -> 
  custom:audio-encoder-webm-vorbis: bf7c407c2cedff20999df2af8eb42d56 -> 
========================================================================
Received Import Request.
  Time since last request: 44091.221341 seconds.
  path: Assets/Animations/Model.controller
  artifactKey: Guid(8d28431492f0be846aec31ab02dfbe2e) Importer(815301076,1909f56bfc062723c751e8b465ee728b)
Start importing Assets/Animations/Model.controller using Guid(8d28431492f0be846aec31ab02dfbe2e) Importer(815301076,1909f56bfc062723c751e8b465ee728b)  -> (artifact id: '059c3940cbaf6990ef070fcf43f80ac5') in 0.008770 seconds
Number of updated asset objects reloaded before import = 0
Number of asset objects unloaded after import = 4
========================================================================
Received Import Request.
  Time since last request: 1.386986 seconds.
  path: Assets/Animations/ItemSpinIdle.anim
  artifactKey: Guid(6bed07b5bd077c241a32a863f25283f8) Importer(815301076,1909f56bfc062723c751e8b465ee728b)
Start importing Assets/Animations/ItemSpinIdle.anim using Guid(6bed07b5bd077c241a32a863f25283f8) Importer(815301076,1909f56bfc062723c751e8b465ee728b)  -> (artifact id: 'f1954ac70e243844acc2cb83e2157020') in 0.001260 seconds
Number of updated asset objects reloaded before import = 0
Number of asset objects unloaded after import = 1
========================================================================
Received Import Request.
  Time since last request: 377.399118 seconds.
  path: Assets/Textures
  artifactKey: Guid(06df42d23af085e4881940ef63327832) Importer(815301076,1909f56bfc062723c751e8b465ee728b)
Start importing Assets/Textures using Guid(06df42d23af085e4881940ef63327832) Importer(815301076,1909f56bfc062723c751e8b465ee728b)  -> (artifact id: 'e0dbae2836d0758a80f0291c5772e277') in 0.000473 seconds
Number of updated asset objects reloaded before import = 0
Number of asset objects unloaded after import = 0
========================================================================
Received Import Request.
  Time since last request: 0.063250 seconds.
  path: Assets/Textures/Glass.mat
  artifactKey: Guid(f865f808e26fac7498f77cf29540ddb9) Importer(815301076,1909f56bfc062723c751e8b465ee728b)
Start importing Assets/Textures/Glass.mat using Guid(f865f808e26fac7498f77cf29540ddb9) Importer(815301076,1909f56bfc062723c751e8b465ee728b)  -> (artifact id: '43ce2c2fef84775eee6cbe0bed6306de') in 0.197046 seconds
Number of updated asset objects reloaded before import = 0
Number of asset objects unloaded after import = 1
========================================================================
Received Import Request.
  Time since last request: 1.693919 seconds.
  path: Assets/Textures/Glass 1.mat
  artifactKey: Guid(8054ea149aecb8341a3ef445278dc084) Importer(815301076,1909f56bfc062723c751e8b465ee728b)
Start importing Assets/Textures/Glass 1.mat using Guid(8054ea149aecb8341a3ef445278dc084) Importer(815301076,1909f56bfc062723c751e8b465ee728b)  -> (artifact id: '200cb0b5aeebc126883ac5cb6b31152b') in 0.008413 seconds
Number of updated asset objects reloaded before import = 0
Number of asset objects unloaded after import = 1
========================================================================
Received Import Request.
  Time since last request: 11.841838 seconds.
  path: Assets/Textures/Green Glass.mat
  artifactKey: Guid(f865f808e26fac7498f77cf29540ddb9) Importer(815301076,1909f56bfc062723c751e8b465ee728b)
Start importing Assets/Textures/Green Glass.mat using Guid(f865f808e26fac7498f77cf29540ddb9) Importer(815301076,1909f56bfc062723c751e8b465ee728b)  -> (artifact id: '301bd70b722a55f526672826bfc55abe') in 0.009059 seconds
Number of updated asset objects reloaded before import = 0
Number of asset objects unloaded after import = 1
========================================================================
Received Import Request.
  Time since last request: 28.107072 seconds.
  path: Assets/Textures/Purple Glass.mat
  artifactKey: Guid(8054ea149aecb8341a3ef445278dc084) Importer(815301076,1909f56bfc062723c751e8b465ee728b)
Start importing Assets/Textures/Purple Glass.mat using Guid(8054ea149aecb8341a3ef445278dc084) Importer(815301076,1909f56bfc062723c751e8b465ee728b)  -> (artifact id: '5f92d1c0750dbe8c79e961a9ba8f5dba') in 0.011102 seconds
Number of updated asset objects reloaded before import = 0
Number of asset objects unloaded after import = 1
========================================================================
Received Import Request.
  Time since last request: 10.136502 seconds.
  path: Assets/Textures/Purple Glass.mat
  artifactKey: Guid(8054ea149aecb8341a3ef445278dc084) Importer(815301076,1909f56bfc062723c751e8b465ee728b)
Start importing Assets/Textures/Purple Glass.mat using Guid(8054ea149aecb8341a3ef445278dc084) Importer(815301076,1909f56bfc062723c751e8b465ee728b)  -> (artifact id: 'cc8208ebf0ed53915787268818de5fe0') in 0.009922 seconds
Number of updated asset objects reloaded before import = 0
Number of asset objects unloaded after import = 1
========================================================================
Received Import Request.
  Time since last request: 6.112080 seconds.
  path: Assets/Textures/Pink Glass.mat
  artifactKey: Guid(c25efe373d69b2f4ebe898ab842efaf5) Importer(815301076,1909f56bfc062723c751e8b465ee728b)
Start importing Assets/Textures/Pink Glass.mat using Guid(c25efe373d69b2f4ebe898ab842efaf5) Importer(815301076,1909f56bfc062723c751e8b465ee728b)  -> (artifact id: 'd8fb2af090ca918b7679660945166702') in 0.009418 seconds
Number of updated asset objects reloaded before import = 0
Number of asset objects unloaded after import = 1
========================================================================
Received Import Request.
  Time since last request: 16.196513 seconds.
  path: Assets/Textures/Pink Glass.mat
  artifactKey: Guid(c25efe373d69b2f4ebe898ab842efaf5) Importer(815301076,1909f56bfc062723c751e8b465ee728b)
Start importing Assets/Textures/Pink Glass.mat using Guid(c25efe373d69b2f4ebe898ab842efaf5) Importer(815301076,1909f56bfc062723c751e8b465ee728b)  -> (artifact id: 'd14d11d364a17394f8865f63abd3155e') in 0.010073 seconds
Number of updated asset objects reloaded before import = 0
Number of asset objects unloaded after import = 1
========================================================================
Received Import Request.
  Time since last request: 12.321367 seconds.
  path: Assets/Textures/Light Blue Glass.mat
  artifactKey: Guid(552657268cfb8cc41bf81e1abd681d88) Importer(815301076,1909f56bfc062723c751e8b465ee728b)
Start importing Assets/Textures/Light Blue Glass.mat using Guid(552657268cfb8cc41bf81e1abd681d88) Importer(815301076,1909f56bfc062723c751e8b465ee728b)  -> (artifact id: 'd00e63f93acfff951f2481dd63dd4762') in 0.009107 seconds
Number of updated asset objects reloaded before import = 0
Number of asset objects unloaded after import = 1
========================================================================
Received Import Request.
  Time since last request: 10.767956 seconds.
  path: Assets/Textures/Light Blue Glass.mat
  artifactKey: Guid(552657268cfb8cc41bf81e1abd681d88) Importer(815301076,1909f56bfc062723c751e8b465ee728b)
Start importing Assets/Textures/Light Blue Glass.mat using Guid(552657268cfb8cc41bf81e1abd681d88) Importer(815301076,1909f56bfc062723c751e8b465ee728b)  -> (artifact id: '9054e976a645dd60c7a6ba7ae40dacf3') in 0.011465 seconds
Number of updated asset objects reloaded before import = 0
Number of asset objects unloaded after import = 1
========================================================================
Received Import Request.
  Time since last request: 8.257761 seconds.
  path: Assets/Textures/Yellow Glass.mat
  artifactKey: Guid(52d110660212ff34881694135b82f9ed) Importer(815301076,1909f56bfc062723c751e8b465ee728b)
Start importing Assets/Textures/Yellow Glass.mat using Guid(52d110660212ff34881694135b82f9ed) Importer(815301076,1909f56bfc062723c751e8b465ee728b)  -> (artifact id: '65d163c0ed1112e484c528e5f43be371') in 0.009207 seconds
Number of updated asset objects reloaded before import = 0
Number of asset objects unloaded after import = 1
========================================================================
Received Import Request.
  Time since last request: 63.775654 seconds.
  path: Assets/Textures/IMGs
  artifactKey: Guid(13614232df6744e4ba7d798531e2b969) Importer(815301076,1909f56bfc062723c751e8b465ee728b)
Start importing Assets/Textures/IMGs using Guid(13614232df6744e4ba7d798531e2b969) Importer(815301076,1909f56bfc062723c751e8b465ee728b)  -> (artifact id: '86492a56c16e9c84d0b712b7e5a09a83') in 0.000377 seconds
Number of updated asset objects reloaded before import = 0
Number of asset objects unloaded after import = 0
========================================================================
Received Import Request.
  Time since last request: 521.415292 seconds.
  path: Assets/Textures/Green Glass.mat
  artifactKey: Guid(f865f808e26fac7498f77cf29540ddb9) Importer(815301076,1909f56bfc062723c751e8b465ee728b)
Start importing Assets/Textures/Green Glass.mat using Guid(f865f808e26fac7498f77cf29540ddb9) Importer(815301076,1909f56bfc062723c751e8b465ee728b)  -> (artifact id: '7c61950b3c347835f407dda13abcc603') in 0.011865 seconds
Number of updated asset objects reloaded before import = 0
Number of asset objects unloaded after import = 1
========================================================================
Received Import Request.
  Time since last request: 0.024305 seconds.
  path: Assets/Textures/Pink Glass.mat
  artifactKey: Guid(c25efe373d69b2f4ebe898ab842efaf5) Importer(815301076,1909f56bfc062723c751e8b465ee728b)
Start importing Assets/Textures/Pink Glass.mat using Guid(c25efe373d69b2f4ebe898ab842efaf5) Importer(815301076,1909f56bfc062723c751e8b465ee728b)  -> (artifact id: 'eee1373d42a1c038b30d359cb38d35d7') in 0.009765 seconds
Number of updated asset objects reloaded before import = 0
Number of asset objects unloaded after import = 1
========================================================================
Received Import Request.
  Time since last request: 0.000017 seconds.
  path: Assets/Textures/Yellow Glass 1.mat
  artifactKey: Guid(feb5faac58b5c1845bf7efe3f3be1d50) Importer(815301076,1909f56bfc062723c751e8b465ee728b)
Start importing Assets/Textures/Yellow Glass 1.mat using Guid(feb5faac58b5c1845bf7efe3f3be1d50) Importer(815301076,1909f56bfc062723c751e8b465ee728b)  -> (artifact id: '22897109f467456b2ebac40df630a5ea') in 0.010686 seconds
Number of updated asset objects reloaded before import = 0
Number of asset objects unloaded after import = 1
========================================================================
Received Import Request.
  Time since last request: 71.759773 seconds.
  path: Assets/Textures/Cyan Glass.mat
  artifactKey: Guid(feb5faac58b5c1845bf7efe3f3be1d50) Importer(815301076,1909f56bfc062723c751e8b465ee728b)
Start importing Assets/Textures/Cyan Glass.mat using Guid(feb5faac58b5c1845bf7efe3f3be1d50) Importer(815301076,1909f56bfc062723c751e8b465ee728b)  -> (artifact id: '8f09e2a902f27d5082670e90ed4b4a63') in 0.017454 seconds
Number of updated asset objects reloaded before import = 0
Number of asset objects unloaded after import = 1
========================================================================
Received Prepare
Begin MonoManager ReloadAssembly
- Loaded All Assemblies, in  0.338 seconds
Refreshing native plugins compatible for Editor in 3.47 ms, found 3 plugins.
Native extension for WindowsStandalone target not found
[Package Manager] Server::EnsureServerProcessIsRunning -- launch failed, reason: Unity was launched with the -noUpm command-line argument
[Package Manager] UpmClient::Send -- Unable to send message (not connected to UPM process).
[Package Manager] Cannot connect to Unity Package Manager local server
Mono: successfully reloaded assembly
- Finished resetting the current domain, in  0.790 seconds
Domain Reload Profiling: 1126ms
	BeginReloadAssembly (120ms)
		ExecutionOrderSort (0ms)
		DisableScriptedObjects (3ms)
		BackupInstance (0ms)
		ReleaseScriptingObjects (0ms)
		CreateAndSetChildDomain (30ms)
	RebuildCommonClasses (23ms)
	RebuildNativeTypeToScriptingClass (7ms)
	initialDomainReloadingComplete (24ms)
	LoadAllAssembliesAndSetupDomain (161ms)
		LoadAssemblies (212ms)
		RebuildTransferFunctionScriptingTraits (0ms)
		AnalyzeDomain (10ms)
			TypeCache.Refresh (5ms)
				TypeCache.ScanAssembly (0ms)
			ScanForSourceGeneratedMonoScriptInfo (0ms)
			ResolveRequiredComponents (4ms)
	FinalizeReload (790ms)
		ReleaseScriptCaches (0ms)
		RebuildScriptCaches (0ms)
		SetupLoadedEditorAssemblies (354ms)
			LogAssemblyErrors (0ms)
			InitializePlatformSupportModulesInManaged (6ms)
			SetLoadedEditorAssemblies (4ms)
			RefreshPlugins (0ms)
			BeforeProcessingInitializeOnLoad (59ms)
			ProcessInitializeOnLoadAttributes (251ms)
			ProcessInitializeOnLoadMethodAttributes (25ms)
			AfterProcessingInitializeOnLoad (9ms)
			EditorAssembliesLoaded (0ms)
		ExecutionOrderSort2 (0ms)
		AwakeInstancesAfterBackupRestoration (7ms)
Refreshing native plugins compatible for Editor in 5.38 ms, found 3 plugins.
Preloading 0 native plugins for Editor in 0.00 ms.
Unloading 3247 Unused Serialized files (Serialized files now loaded: 0)
Unloading 26 unused Assets / (349.3 KB). Loaded Objects now: 3807.
Memory consumption went from 141.7 MB to 141.3 MB.
Total: 3.111700 ms (FindLiveObjects: 0.242900 ms CreateObjectMapping: 0.076100 ms MarkObjects: 2.580500 ms  DeleteObjects: 0.211500 ms)

Prepare: number of updated asset objects reloaded= 0
AssetImportParameters requested are different than current active one (requested -> active):
  custom:container-demuxer-ogg: 62fdf1f143b41e24485cea50d1cbac27 -> 
  custom:video-decoder-ogg-theora: a1e56fd34408186e4bbccfd4996cb3dc -> 
  custom:framework-win-MediaFoundation: 216162199b28c13a410421893ffa2e32 -> 
  custom:CustomObjectIndexerAttribute: 756ad292c208cfabdd7b50bc23989ffe -> 
  custom:container-demuxer-webm: 4f35f7cbe854078d1ac9338744f61a02 -> 
  custom:container-muxer-webm: aa71ff27fc2769a1b78a27578f13a17b -> 
  custom:video-decoder-webm-vp8: 9c59270c3fd7afecdb556c50c9e8de78 -> 
  custom:SearchIndexIgnoredProperties: e643bd26f0fe6173181afceb89e7c659 -> 
  custom:AudioImporter_EditorPlatform: d09bf68614088b80899f8185d706f6e7 -> 
  custom:video-encoder-webm-vp8: eb34c28f22e8b96e1ab97ce403110664 -> 
  custom:audio-decoder-ogg-vorbis: bf7c407c2cedff20999df2af8eb42d56 -> 
  custom:audio-encoder-webm-vorbis: bf7c407c2cedff20999df2af8eb42d56 -> 
========================================================================
Received Import Request.
  Time since last request: 116.047717 seconds.
  path: Assets/Spawn Tiles/GroundTileWithGrap_Tower+DoubleJump.prefab
  artifactKey: Guid(b37393a600061cd45bebd33c7ec23385) Importer(815301076,1909f56bfc062723c751e8b465ee728b)
Start importing Assets/Spawn Tiles/GroundTileWithGrap_Tower+DoubleJump.prefab using Guid(b37393a600061cd45bebd33c7ec23385) Importer(815301076,1909f56bfc062723c751e8b465ee728b)  -> (artifact id: 'f551f65366779bcc43230e9e187920a9') in 0.078185 seconds
Number of updated asset objects reloaded before import = 0
Number of asset objects unloaded after import = 61
========================================================================
Received Prepare
Begin MonoManager ReloadAssembly
- Loaded All Assemblies, in  0.333 seconds
Refreshing native plugins compatible for Editor in 3.44 ms, found 3 plugins.
Native extension for WindowsStandalone target not found
[Package Manager] Server::EnsureServerProcessIsRunning -- launch failed, reason: Unity was launched with the -noUpm command-line argument
[Package Manager] UpmClient::Send -- Unable to send message (not connected to UPM process).
[Package Manager] Cannot connect to Unity Package Manager local server
Mono: successfully reloaded assembly
- Finished resetting the current domain, in  0.742 seconds
Domain Reload Profiling: 1073ms
	BeginReloadAssembly (117ms)
		ExecutionOrderSort (0ms)
		DisableScriptedObjects (3ms)
		BackupInstance (0ms)
		ReleaseScriptingObjects (0ms)
		CreateAndSetChildDomain (27ms)
	RebuildCommonClasses (23ms)
	RebuildNativeTypeToScriptingClass (7ms)
	initialDomainReloadingComplete (23ms)
	LoadAllAssembliesAndSetupDomain (160ms)
		LoadAssemblies (209ms)
		RebuildTransferFunctionScriptingTraits (0ms)
		AnalyzeDomain (11ms)
			TypeCache.Refresh (5ms)
				TypeCache.ScanAssembly (0ms)
			ScanForSourceGeneratedMonoScriptInfo (0ms)
			ResolveRequiredComponents (4ms)
	FinalizeReload (743ms)
		ReleaseScriptCaches (0ms)
		RebuildScriptCaches (0ms)
		SetupLoadedEditorAssemblies (322ms)
			LogAssemblyErrors (0ms)
			InitializePlatformSupportModulesInManaged (6ms)
			SetLoadedEditorAssemblies (4ms)
			RefreshPlugins (0ms)
			BeforeProcessingInitializeOnLoad (57ms)
			ProcessInitializeOnLoadAttributes (226ms)
			ProcessInitializeOnLoadMethodAttributes (22ms)
			AfterProcessingInitializeOnLoad (7ms)
			EditorAssembliesLoaded (0ms)
		ExecutionOrderSort2 (0ms)
		AwakeInstancesAfterBackupRestoration (7ms)
Refreshing native plugins compatible for Editor in 4.28 ms, found 3 plugins.
Preloading 0 native plugins for Editor in 0.00 ms.
Unloading 3247 Unused Serialized files (Serialized files now loaded: 0)
Unloading 26 unused Assets / (373.6 KB). Loaded Objects now: 3812.
Memory consumption went from 143.7 MB to 143.3 MB.
Total: 3.046800 ms (FindLiveObjects: 0.296700 ms CreateObjectMapping: 0.177500 ms MarkObjects: 2.376300 ms  DeleteObjects: 0.195600 ms)

Prepare: number of updated asset objects reloaded= 0
AssetImportParameters requested are different than current active one (requested -> active):
  custom:container-demuxer-ogg: 62fdf1f143b41e24485cea50d1cbac27 -> 
  custom:video-decoder-ogg-theora: a1e56fd34408186e4bbccfd4996cb3dc -> 
  custom:framework-win-MediaFoundation: 216162199b28c13a410421893ffa2e32 -> 
  custom:CustomObjectIndexerAttribute: 756ad292c208cfabdd7b50bc23989ffe -> 
  custom:container-demuxer-webm: 4f35f7cbe854078d1ac9338744f61a02 -> 
  custom:container-muxer-webm: aa71ff27fc2769a1b78a27578f13a17b -> 
  custom:video-decoder-webm-vp8: 9c59270c3fd7afecdb556c50c9e8de78 -> 
  custom:SearchIndexIgnoredProperties: e643bd26f0fe6173181afceb89e7c659 -> 
  custom:AudioImporter_EditorPlatform: d09bf68614088b80899f8185d706f6e7 -> 
  custom:video-encoder-webm-vp8: eb34c28f22e8b96e1ab97ce403110664 -> 
  custom:audio-decoder-ogg-vorbis: bf7c407c2cedff20999df2af8eb42d56 -> 
  custom:audio-encoder-webm-vorbis: bf7c407c2cedff20999df2af8eb42d56 -> 
========================================================================
Received Import Request.
  Time since last request: 31.450372 seconds.
  path: Assets/Spawn Tiles/GroundTileWithGrap_Tower+DoubleJump.prefab
  artifactKey: Guid(b37393a600061cd45bebd33c7ec23385) Importer(815301076,1909f56bfc062723c751e8b465ee728b)
Start importing Assets/Spawn Tiles/GroundTileWithGrap_Tower+DoubleJump.prefab using Guid(b37393a600061cd45bebd33c7ec23385) Importer(815301076,1909f56bfc062723c751e8b465ee728b)  -> (artifact id: '40614986d7ef5420600183e02145d3fa') in 0.062848 seconds
Number of updated asset objects reloaded before import = 0
Number of asset objects unloaded after import = 60
========================================================================
Received Import Request.
  Time since last request: 11.411751 seconds.
  path: Assets/Spawn Tiles/GroundTileWithGrap_Tower+DoubleJump.prefab
  artifactKey: Guid(b37393a600061cd45bebd33c7ec23385) Importer(815301076,1909f56bfc062723c751e8b465ee728b)
Start importing Assets/Spawn Tiles/GroundTileWithGrap_Tower+DoubleJump.prefab using Guid(b37393a600061cd45bebd33c7ec23385) Importer(815301076,1909f56bfc062723c751e8b465ee728b)  -> (artifact id: 'dc3f93db0aa8fc31864a4faf04e2af26') in 0.012696 seconds
Number of updated asset objects reloaded before import = 0
Number of asset objects unloaded after import = 60
========================================================================
Received Prepare
Begin MonoManager ReloadAssembly
- Loaded All Assemblies, in  0.336 seconds
Refreshing native plugins compatible for Editor in 3.10 ms, found 3 plugins.
Native extension for WindowsStandalone target not found
[Package Manager] Server::EnsureServerProcessIsRunning -- launch failed, reason: Unity was launched with the -noUpm command-line argument
[Package Manager] UpmClient::Send -- Unable to send message (not connected to UPM process).
[Package Manager] Cannot connect to Unity Package Manager local server
Mono: successfully reloaded assembly
- Finished resetting the current domain, in  0.785 seconds
Domain Reload Profiling: 1118ms
	BeginReloadAssembly (121ms)
		ExecutionOrderSort (0ms)
		DisableScriptedObjects (4ms)
		BackupInstance (0ms)
		ReleaseScriptingObjects (0ms)
		CreateAndSetChildDomain (28ms)
	RebuildCommonClasses (24ms)
	RebuildNativeTypeToScriptingClass (7ms)
	initialDomainReloadingComplete (24ms)
	LoadAllAssembliesAndSetupDomain (157ms)
		LoadAssemblies (211ms)
		RebuildTransferFunctionScriptingTraits (0ms)
		AnalyzeDomain (10ms)
			TypeCache.Refresh (5ms)
				TypeCache.ScanAssembly (0ms)
			ScanForSourceGeneratedMonoScriptInfo (0ms)
			ResolveRequiredComponents (4ms)
	FinalizeReload (785ms)
		ReleaseScriptCaches (0ms)
		RebuildScriptCaches (0ms)
		SetupLoadedEditorAssemblies (348ms)
			LogAssemblyErrors (0ms)
			InitializePlatformSupportModulesInManaged (6ms)
			SetLoadedEditorAssemblies (4ms)
			RefreshPlugins (0ms)
			BeforeProcessingInitializeOnLoad (57ms)
			ProcessInitializeOnLoadAttributes (248ms)
			ProcessInitializeOnLoadMethodAttributes (23ms)
			AfterProcessingInitializeOnLoad (9ms)
			EditorAssembliesLoaded (0ms)
		ExecutionOrderSort2 (0ms)
		AwakeInstancesAfterBackupRestoration (9ms)
Refreshing native plugins compatible for Editor in 5.21 ms, found 3 plugins.
Preloading 0 native plugins for Editor in 0.00 ms.
Unloading 3247 Unused Serialized files (Serialized files now loaded: 0)
Unloading 26 unused Assets / (373.8 KB). Loaded Objects now: 3815.
Memory consumption went from 145.6 MB to 145.3 MB.
Total: 2.991000 ms (FindLiveObjects: 0.248000 ms CreateObjectMapping: 0.076000 ms MarkObjects: 2.460600 ms  DeleteObjects: 0.205500 ms)

Prepare: number of updated asset objects reloaded= 0
AssetImportParameters requested are different than current active one (requested -> active):
  custom:container-demuxer-ogg: 62fdf1f143b41e24485cea50d1cbac27 -> 
  custom:video-decoder-ogg-theora: a1e56fd34408186e4bbccfd4996cb3dc -> 
  custom:framework-win-MediaFoundation: 216162199b28c13a410421893ffa2e32 -> 
  custom:CustomObjectIndexerAttribute: 756ad292c208cfabdd7b50bc23989ffe -> 
  custom:container-demuxer-webm: 4f35f7cbe854078d1ac9338744f61a02 -> 
  custom:container-muxer-webm: aa71ff27fc2769a1b78a27578f13a17b -> 
  custom:video-decoder-webm-vp8: 9c59270c3fd7afecdb556c50c9e8de78 -> 
  custom:SearchIndexIgnoredProperties: e643bd26f0fe6173181afceb89e7c659 -> 
  custom:AudioImporter_EditorPlatform: d09bf68614088b80899f8185d706f6e7 -> 
  custom:video-encoder-webm-vp8: eb34c28f22e8b96e1ab97ce403110664 -> 
  custom:audio-decoder-ogg-vorbis: bf7c407c2cedff20999df2af8eb42d56 -> 
  custom:audio-encoder-webm-vorbis: bf7c407c2cedff20999df2af8eb42d56 -> 
========================================================================
Received Import Request.
  Time since last request: 82.876491 seconds.
  path: Assets/Textures/Cyan Glass.mat
  artifactKey: Guid(feb5faac58b5c1845bf7efe3f3be1d50) Importer(815301076,1909f56bfc062723c751e8b465ee728b)
Start importing Assets/Textures/Cyan Glass.mat using Guid(feb5faac58b5c1845bf7efe3f3be1d50) Importer(815301076,1909f56bfc062723c751e8b465ee728b)  -> (artifact id: '14afe19e72674479a85b00e89c216301') in 0.056997 seconds
Number of updated asset objects reloaded before import = 0
Number of asset objects unloaded after import = 1
========================================================================
Received Import Request.
  Time since last request: 0.000016 seconds.
  path: Assets/Textures/Yellow Glass.mat
  artifactKey: Guid(52d110660212ff34881694135b82f9ed) Importer(815301076,1909f56bfc062723c751e8b465ee728b)
Start importing Assets/Textures/Yellow Glass.mat using Guid(52d110660212ff34881694135b82f9ed) Importer(815301076,1909f56bfc062723c751e8b465ee728b)  -> (artifact id: '4121bada6056873c3c516522686e5b62') in 0.007975 seconds
Number of updated asset objects reloaded before import = 0
Number of asset objects unloaded after import = 1
